<?xml version="1.0" encoding="UTF-8"?>
<!-- Generated by org.testng.reporters.JUnitXMLReporter -->
<testsuite ignored="0" hostname="DESKTOP-0A7DVIM" failures="0" tests="9" name="Test" time="20.001" errors="0" timestamp="2023-09-09T21:34:31 IST">
  <testcase classname="com.simplilearn.testcases.Validating_Singup_page" name="validating_Name" time="0.547"/>
  <testcase classname="com.simplilearn.testcases.Validating_Singup_page" name="validating_email" time="0.473"/>
  <testcase classname="com.simplilearn.testcases.Validating_Singup_page" name="validating_pwd" time="0.456"/>
  <testcase classname="com.simplilearn.testcases.Testcases$createuser" name="singup" time="3.498"/>
  <testcase classname="com.simplilearn.testcases.Testcases$flightbooking" name="book_flight" time="3.962"/>
  <testcase classname="com.simplilearn.testcases.Testcases$homepage" name="flightsearch" time="3.389"/>
  <testcase classname="com.simplilearn.testcases.Testcases$loginuser" name="login" time="3.305"/>
  <testcase classname="com.simplilearn.RestAssured.ApiTesting" name="checkflights" time="0.696"/>
  <testcase classname="com.simplilearn.RestAssured.ApiTesting" name="confirmbooking" time="0.011"/>
</testsuite> <!-- Test -->
