<?xml version="1.0" encoding="UTF-8"?>
<!-- Generated by org.testng.reporters.JUnitXMLReporter -->
<testsuite ignored="0" hostname="DESKTOP-0A7DVIM" failures="0" tests="9" name="Test" time="20.504" errors="0" timestamp="2023-09-10T13:45:45 IST">
  <testcase classname="com.simplilearn.testcases.Validating_Singup_page" name="validating_Name" time="0.597"/>
  <testcase classname="com.simplilearn.testcases.Validating_Singup_page" name="validating_email" time="0.499"/>
  <testcase classname="com.simplilearn.testcases.Validating_Singup_page" name="validating_pwd" time="0.482"/>
  <testcase classname="com.simplilearn.testcases.Testcases$createuser" name="singup" time="3.595"/>
  <testcase classname="com.simplilearn.testcases.Testcases$flightbooking" name="book_flight" time="4.221"/>
  <testcase classname="com.simplilearn.testcases.Testcases$homepage" name="flightsearch" time="3.409"/>
  <testcase classname="com.simplilearn.testcases.Testcases$loginuser" name="login" time="3.225"/>
  <testcase classname="com.simplilearn.RestAssured.ApiTesting" name="checkflights" time="0.698"/>
  <testcase classname="com.simplilearn.RestAssured.ApiTesting" name="confirmbooking" time="0.012"/>
</testsuite> <!-- Test -->
