<?xml version="1.0" encoding="UTF-8"?>
<testng-results ignored="0" total="9" passed="9" failed="0" skipped="0">
  <reporter-output>
  </reporter-output>
  <suite started-at="2023-09-10T13:45:25 IST" name="Suite" finished-at="2023-09-10T13:45:45 IST" duration-ms="20504">
    <groups>
    </groups>
    <test started-at="2023-09-10T13:45:25 IST" name="Test" finished-at="2023-09-10T13:45:45 IST" duration-ms="20504">
      <class name="com.simplilearn.testcases.Validating_Singup_page">
        <test-method is-config="true" signature="openbrowser()[pri:0, instance:com.simplilearn.testcases.Validating_Singup_page@533bda92]" started-at="2023-09-10T13:45:25 IST" name="openbrowser" finished-at="2023-09-10T13:45:29 IST" duration-ms="3639" status="PASS">
          <reporter-output>
          </reporter-output>
        </test-method> <!-- openbrowser -->
        <test-method signature="validating_Name()[pri:0, instance:com.simplilearn.testcases.Validating_Singup_page@533bda92]" started-at="2023-09-10T13:45:29 IST" name="validating_Name" finished-at="2023-09-10T13:45:29 IST" duration-ms="597" status="PASS">
          <reporter-output>
          </reporter-output>
        </test-method> <!-- validating_Name -->
        <test-method signature="validating_email()[pri:0, instance:com.simplilearn.testcases.Validating_Singup_page@533bda92]" started-at="2023-09-10T13:45:29 IST" name="validating_email" finished-at="2023-09-10T13:45:30 IST" duration-ms="499" status="PASS">
          <reporter-output>
          </reporter-output>
        </test-method> <!-- validating_email -->
        <test-method signature="validating_pwd()[pri:0, instance:com.simplilearn.testcases.Validating_Singup_page@533bda92]" started-at="2023-09-10T13:45:30 IST" name="validating_pwd" finished-at="2023-09-10T13:45:30 IST" duration-ms="482" status="PASS">
          <reporter-output>
          </reporter-output>
        </test-method> <!-- validating_pwd -->
        <test-method is-config="true" signature="closebrowser()[pri:0, instance:com.simplilearn.testcases.Validating_Singup_page@533bda92]" started-at="2023-09-10T13:45:45 IST" name="closebrowser" finished-at="2023-09-10T13:45:45 IST" duration-ms="81" status="PASS">
          <reporter-output>
          </reporter-output>
        </test-method> <!-- closebrowser -->
      </class> <!-- com.simplilearn.testcases.Validating_Singup_page -->
      <class name="com.simplilearn.testcases.Testcases$loginuser">
        <test-method signature="login()[pri:0, instance:com.simplilearn.testcases.Testcases$loginuser@72bc6553]" started-at="2023-09-10T13:45:41 IST" name="login" finished-at="2023-09-10T13:45:45 IST" duration-ms="3225" status="PASS">
          <reporter-output>
          </reporter-output>
        </test-method> <!-- login -->
      </class> <!-- com.simplilearn.testcases.Testcases$loginuser -->
      <class name="com.simplilearn.testcases.Testcases$flightbooking">
        <test-method signature="book_flight()[pri:0, instance:com.simplilearn.testcases.Testcases$flightbooking@312aa7c]" started-at="2023-09-10T13:45:34 IST" name="book_flight" finished-at="2023-09-10T13:45:38 IST" duration-ms="4221" status="PASS">
          <reporter-output>
          </reporter-output>
        </test-method> <!-- book_flight -->
      </class> <!-- com.simplilearn.testcases.Testcases$flightbooking -->
      <class name="com.simplilearn.RestAssured.ApiTesting">
        <test-method signature="checkflights()[pri:0, instance:com.simplilearn.RestAssured.ApiTesting@66982506]" started-at="2023-09-10T13:45:45 IST" name="checkflights" finished-at="2023-09-10T13:45:45 IST" duration-ms="698" status="PASS">
          <reporter-output>
          </reporter-output>
        </test-method> <!-- checkflights -->
        <test-method signature="confirmbooking()[pri:0, instance:com.simplilearn.RestAssured.ApiTesting@66982506]" started-at="2023-09-10T13:45:45 IST" name="confirmbooking" finished-at="2023-09-10T13:45:45 IST" duration-ms="12" status="PASS">
          <reporter-output>
          </reporter-output>
        </test-method> <!-- confirmbooking -->
      </class> <!-- com.simplilearn.RestAssured.ApiTesting -->
      <class name="com.simplilearn.testcases.Testcases$createuser">
        <test-method signature="singup()[pri:0, instance:com.simplilearn.testcases.Testcases$createuser@c430e6c]" started-at="2023-09-10T13:45:30 IST" name="singup" finished-at="2023-09-10T13:45:34 IST" duration-ms="3595" status="PASS">
          <reporter-output>
          </reporter-output>
        </test-method> <!-- singup -->
      </class> <!-- com.simplilearn.testcases.Testcases$createuser -->
      <class name="com.simplilearn.testcases.Testcases$homepage">
        <test-method signature="flightsearch()[pri:0, instance:com.simplilearn.testcases.Testcases$homepage@536f2a7e]" started-at="2023-09-10T13:45:38 IST" name="flightsearch" finished-at="2023-09-10T13:45:41 IST" duration-ms="3409" status="PASS">
          <reporter-output>
          </reporter-output>
        </test-method> <!-- flightsearch -->
      </class> <!-- com.simplilearn.testcases.Testcases$homepage -->
    </test> <!-- Test -->
  </suite> <!-- Suite -->
</testng-results>
