<?xml version="1.0" encoding="UTF-8"?>
<testng-results ignored="0" total="1" passed="1" failed="0" skipped="0">
  <reporter-output>
  </reporter-output>
  <suite started-at="2023-09-07T01:20:41 IST" name="Default suite" finished-at="2023-09-07T01:20:46 IST" duration-ms="4563">
    <groups>
    </groups>
    <test started-at="2023-09-07T01:20:41 IST" name="Default test" finished-at="2023-09-07T01:20:46 IST" duration-ms="4563">
      <class name="com.simplilearn.TestingAirlinesTravelApplication.LoginPage">
        <test-method signature="homepage()[pri:0, instance:com.simplilearn.TestingAirlinesTravelApplication.LoginPage@235834f2]" started-at="2023-09-07T01:20:41 IST" name="homepage" finished-at="2023-09-07T01:20:46 IST" duration-ms="4522" status="PASS">
          <reporter-output>
          </reporter-output>
        </test-method> <!-- homepage -->
      </class> <!-- com.simplilearn.TestingAirlinesTravelApplication.LoginPage -->
    </test> <!-- Default test -->
  </suite> <!-- Default suite -->
</testng-results>
